  Team.cpp
  Single_Target_Team.cpp
  Raven_Bot.cpp
  Random_Single_Target_Team.cpp
  Génération de code en cours...
  Compilation en cours...
  Trigger_WeaponGiver.cpp
  Trigger_SoundNotify.cpp
  Trigger_HealthGiver.cpp
  Raven_PathPlanner.cpp
  main.cpp
  Raven_Feature.cpp
  Goal_Wander.cpp
  Goal_TraverseEdge.cpp
  Goal_Think.cpp
  Goal_SeekToPosition.cpp
  Goal_NegotiateDoor.cpp
  Goal_MoveToPosition.cpp
  Goal_HuntTarget.cpp
  Goal_GetItem.cpp
  Goal_FollowPath.cpp
  Goal_Explore.cpp
  Goal_DodgeSideToSide.cpp
  Goal_AttackTarget.cpp
  Goal_AdjustRange.cpp
  GetWeaponGoal_Evaluator.cpp
  Génération de code en cours...
  Compilation en cours...
  GetHealthGoal_Evaluator.cpp
  ExploreGoal_Evaluator.cpp
  AttackTargetGoal_Evaluator.cpp
  Weapon_ShotGun.cpp
  Weapon_RocketLauncher.cpp
  Weapon_RailGun.cpp
  Weapon_Blaster.cpp
  Raven_Weapon.cpp
  Raven_Projectile.cpp
  Projectile_Slug.cpp
  Projectile_Rocket.cpp
  Projectile_Pellet.cpp
  Projectile_Bolt.cpp
  Raven_WeaponSystem.cpp
  Raven_TargetingSystem.cpp
  Raven_SteeringBehaviors.cpp
  Raven_SensoryMemory.cpp
  Raven_Map.cpp
  Raven_Game.cpp
  Raven_Door.cpp
  Génération de code en cours...
  Raven.vcxproj -> C:\Users\Utilisateur\Documents\GitHub\8IAR125-ProjetRaven\VS2015\Buckland_Chapter7 to 10_Raven\.\Debug\Raven.exe
